<?xml version="1.0" encoding="UTF-8"?>
<testng-results ignored="0" total="2" passed="2" failed="0" skipped="0">
  <reporter-output>
    <line>
      <![CDATA[true true]]>
    </line>
    <line>
      <![CDATA[true true]]>
    </line>
  </reporter-output>
  <suite started-at="2024-12-03T18:41:31 IST" name="Suite" finished-at="2024-12-03T18:41:45 IST" duration-ms="14016">
    <groups>
    </groups>
    <test started-at="2024-12-03T18:41:31 IST" name="chrome" finished-at="2024-12-03T18:41:45 IST" duration-ms="13360">
      <class name="basic_Frameworks.Testcase01">
        <test-method is-config="true" signature="BrowserSetUp(java.lang.String)[pri:0, instance:basic_Frameworks.Testcase01@12aba8be]" started-at="2024-12-03T18:41:31 IST" name="BrowserSetUp" finished-at="2024-12-03T18:41:42 IST" duration-ms="10616" status="PASS">
          <params>
            <param index="0">
              <value>
                <![CDATA[chrome]]>
              </value>
            </param>
          </params>
          <reporter-output>
          </reporter-output>
        </test-method> <!-- BrowserSetUp -->
        <test-method signature="usn()[pri:0, instance:basic_Frameworks.Testcase01@12aba8be]" started-at="2024-12-03T18:41:42 IST" name="usn" finished-at="2024-12-03T18:41:42 IST" duration-ms="227" status="PASS">
          <reporter-output>
            <line>
              <![CDATA[true true]]>
            </line>
          </reporter-output>
        </test-method> <!-- usn -->
        <test-method is-config="true" signature="closeBrowserSetUp()[pri:0, instance:basic_Frameworks.Testcase01@12aba8be]" started-at="2024-12-03T18:41:42 IST" name="closeBrowserSetUp" finished-at="2024-12-03T18:41:45 IST" duration-ms="2467" status="PASS">
          <reporter-output>
          </reporter-output>
        </test-method> <!-- closeBrowserSetUp -->
      </class> <!-- basic_Frameworks.Testcase01 -->
    </test> <!-- chrome -->
    <test started-at="2024-12-03T18:41:31 IST" name="fire" finished-at="2024-12-03T18:41:45 IST" duration-ms="14016">
      <class name="basic_Frameworks.Testcase01">
        <test-method is-config="true" signature="BrowserSetUp(java.lang.String)[pri:0, instance:basic_Frameworks.Testcase01@6e6f2380]" started-at="2024-12-03T18:41:31 IST" name="BrowserSetUp" finished-at="2024-12-03T18:41:41 IST" duration-ms="10109" status="PASS">
          <params>
            <param index="0">
              <value>
                <![CDATA[fire]]>
              </value>
            </param>
          </params>
          <reporter-output>
          </reporter-output>
        </test-method> <!-- BrowserSetUp -->
        <test-method signature="usn()[pri:0, instance:basic_Frameworks.Testcase01@6e6f2380]" started-at="2024-12-03T18:41:41 IST" name="usn" finished-at="2024-12-03T18:41:42 IST" duration-ms="309" status="PASS">
          <reporter-output>
            <line>
              <![CDATA[true true]]>
            </line>
          </reporter-output>
        </test-method> <!-- usn -->
        <test-method is-config="true" signature="closeBrowserSetUp()[pri:0, instance:basic_Frameworks.Testcase01@6e6f2380]" started-at="2024-12-03T18:41:42 IST" name="closeBrowserSetUp" finished-at="2024-12-03T18:41:45 IST" duration-ms="3519" status="PASS">
          <reporter-output>
          </reporter-output>
        </test-method> <!-- closeBrowserSetUp -->
      </class> <!-- basic_Frameworks.Testcase01 -->
    </test> <!-- fire -->
  </suite> <!-- Suite -->
</testng-results>
